<?xml version="1.0" encoding="UTF-8"?>
<testng-results ignored="0" total="1" passed="1" failed="0" skipped="0">
  <reporter-output>
  </reporter-output>
  <suite started-at="2019-08-11T19:05:07Z" name="My testing suite" finished-at="2019-08-11T19:05:12Z" duration-ms="4501">
    <groups>
    </groups>
    <test started-at="2019-08-11T19:05:07Z" name="My test" finished-at="2019-08-11T19:05:12Z" duration-ms="4501">
      <class name="testrunner.TestRunner">
        <test-method is-config="true" signature="openURL(java.lang.String)[pri:0, instance:testrunner.TestRunner@6aa3a905]" started-at="2019-08-11T19:05:07Z" name="openURL" finished-at="2019-08-11T19:05:11Z" duration-ms="4163" status="PASS">
          <params>
            <param index="0">
              <value>
                <![CDATA[https://www.jw.org]]>
              </value>
            </param>
          </params>
          <reporter-output>
          </reporter-output>
        </test-method> <!-- openURL -->
        <test-method signature="logInToJW()[pri:0, instance:testrunner.TestRunner@6aa3a905]" started-at="2019-08-11T19:05:11Z" name="logInToJW" finished-at="2019-08-11T19:05:12Z" duration-ms="285" status="PASS">
          <reporter-output>
          </reporter-output>
        </test-method> <!-- logInToJW -->
      </class> <!-- testrunner.TestRunner -->
    </test> <!-- My test -->
  </suite> <!-- My testing suite -->
</testng-results>
